<?xml version="1.0" encoding="UTF-8"?>
<testsuite name="P2NumerosParesFibonacciTest" tests="6" skipped="0" failures="0" errors="0" timestamp="2022-08-25T23:41:30" hostname="DESKTOP-VA1CB2I" time="0.016">
  <properties/>
  <testcase name="calculaNumerosParesFibonacci100000()" classname="P2NumerosParesFibonacciTest" time="0.013"/>
  <testcase name="calculaNumerosParesFibonacci1000()" classname="P2NumerosParesFibonacciTest" time="0.0"/>
  <testcase name="calculaNumerosParesFibonacci4000000()" classname="P2NumerosParesFibonacciTest" time="0.001"/>
  <testcase name="calculaNumerosParesFibonacci10()" classname="P2NumerosParesFibonacciTest" time="0.0"/>
  <testcase name="calculaNumerosParesFibonacci34()" classname="P2NumerosParesFibonacciTest" time="0.001"/>
  <testcase name="calculaNumerosParesFibonacci60()" classname="P2NumerosParesFibonacciTest" time="0.0"/>
  <system-out><![CDATA[]]></system-out>
  <system-err><![CDATA[]]></system-err>
</testsuite>
